2023-07-07 16:03:33.920 [info] Reading sessions from keychain...
2023-07-07 16:03:33.921 [info] Getting sessions for all scopes...
2023-07-07 16:03:33.921 [info] Getting sessions for user:email...
2023-07-07 16:03:34.229 [error] Getting token failed: Error: Unable to parse decrypted password
2023-07-07 16:03:34.240 [info] Got 0 sessions for ...
2023-07-07 16:03:34.240 [info] Got 0 sessions for user:email...
2023-07-07 16:03:34.282 [info] Getting sessions for all scopes...
2023-07-07 16:03:34.286 [info] Got 0 sessions for ...
2023-07-07 16:03:34.397 [info] Getting sessions for all scopes...
2023-07-07 16:03:34.397 [info] Got 0 sessions for ...
2023-07-07 16:04:02.851 [info] Reading sessions from keychain...
2023-07-07 16:04:02.851 [info] Getting sessions for all scopes...
2023-07-07 16:04:02.851 [info] Getting sessions for user:email...
2023-07-07 16:04:02.851 [error] Getting token failed: Error: Unable to parse decrypted password
2023-07-07 16:04:02.851 [info] Got 0 sessions for ...
2023-07-07 16:04:02.851 [info] Got 0 sessions for user:email...
2023-07-07 16:04:02.851 [info] Getting sessions for all scopes...
2023-07-07 16:04:02.851 [info] Got 0 sessions for ...
2023-07-07 16:04:02.870 [info] Getting sessions for all scopes...
2023-07-07 16:04:02.870 [info] Got 0 sessions for ...
